generator  INFO  Parsing...
generator  INFO  Directory in which we're generating the files: ''.
generator  INFO  Generating...
generator  WARNING Can't build i18n message catalog. Module 'i18ndude' not found.
generator  WARNING Can't strip html from doc-strings. Module 'stripogram' not found.
generator  INFO  Starting new Product: 'ModelDDploneMOF'.
generator  INFO      Generating class 'EMOFPackageOrModel'.
generator  INFO      Generating class 'EMOFTypedElement'.
generator  INFO      Generating class 'EMOFType'.
generator  INFO      Generating class 'EMOFElement'.
generator  INFO      Generating class 'EMOFStructureDataType'.
generator  INFO      Generating class 'EMOFReferenciaCualificada'.
generator  INFO      Generating class 'EMOFOperation'.
generator  INFO      Generating class 'EMOFDataType'.
generator  INFO      Generating class 'EMOFPropertyReference'.
generator  INFO      Generating class 'EMOFObject'.
generator  INFO      Generating class 'EMOFModel'.
generator  INFO      Generating class 'EMOFColeccionArquetipos'.
generator  INFO      Generating class 'EMOFElemento'.
generator  INFO      Generating class 'EMOFPackage'.
generator  INFO      Generating class 'EMOFElemento_Operaciones'.
generator  INFO      Generating class 'EMOFArquetipoReferenciable'.
generator  INFO      Generating class 'EMOFProperty'.
generator  INFO      Generating class 'EMOFTag'.
generator  INFO      Generating class 'EMOFParameter'.
generator  INFO      Generating class 'EMOFPropertyAttribute'.
generator  INFO      Generating class 'EMOFNamedElement'.
generator  INFO      Generating class 'EMOFClass'.
generator  INFO      Generating class 'EMOFMultiplicityElement'.
generator  INFO      Generating class 'EMOFElemento_Meta'.
generator  INFO      Generating class 'EMOFElemento_TraversalConfig'.
generator  INFO      Generating class 'EMOFArquetipoConAdopcion'.
generator  INFO      Generating class 'EMOFPrimitiveType'.
generator  INFO      Generating class 'EMOFClass_operations'.
generator  INFO      Generating class 'EMOFArquetipo'.
generator  INFO      Generating class 'EMOFEnumerationLiteral'.
generator  INFO      Generating class 'EMOFEnumeration'.
